<?xml version="1.0" encoding="UTF-8"?>
<!-- Generated by org.testng.reporters.JUnitXMLReporter -->
<testsuite ignored="0" hostname="Ravi-Ranjan-PC" failures="0" tests="6" name="Test" time="54.912" errors="0" timestamp="2025-02-06T21:39:08 IST">
  <testcase classname="testCases.TC001_AccountRegistrationTest" name="verifyAccountRegistration" time="7.971"/>
  <testcase classname="testCases.TC002_LoginVerification" name="loginVerification" time="4.766"/>
  <testcase classname="testCases.TC003_LoginDDT" name="verify_loginDDT" time="4.829"/>
  <testcase classname="testCases.TC003_LoginDDT" name="verify_loginDDT" time="4.167"/>
  <testcase classname="testCases.TC003_LoginDDT" name="verify_loginDDT" time="4.015"/>
  <testcase classname="testCases.TC003_LoginDDT" name="verify_loginDDT" time="2.581"/>
</testsuite> <!-- Test -->
