<?xml version="1.0" encoding="UTF-8"?>
<!-- Generated by org.testng.reporters.JUnitXMLReporter -->
<testsuite ignored="0" hostname="Ravi-Ranjan-PC" failures="0" tests="6" name="Test" time="38.273" errors="0" timestamp="2025-02-13T07:03:10 IST">
  <testcase classname="testCases.TC001_AccountRegistrationTest" name="verifyAccountRegistration" time="4.969"/>
  <testcase classname="testCases.TC002_LoginVerification" name="loginVerification" time="3.35"/>
  <testcase classname="testCases.TC003_LoginDDT" name="verify_loginDDT" time="5.208"/>
  <testcase classname="testCases.TC003_LoginDDT" name="verify_loginDDT" time="3.374"/>
  <testcase classname="testCases.TC003_LoginDDT" name="verify_loginDDT" time="4.649"/>
  <testcase classname="testCases.TC003_LoginDDT" name="verify_loginDDT" time="2.954"/>
</testsuite> <!-- Test -->
