<?xml version="1.0" encoding="UTF-8"?>
<testng-results ignored="0" total="6" passed="6" failed="0" skipped="0">
  <reporter-output>
  </reporter-output>
  <suite started-at="2025-02-13T07:07:29 IST" name="Grouping Suite" finished-at="2025-02-13T07:08:06 IST" duration-ms="37079">
    <groups>
      <group name="Master">
        <method signature="TC001_AccountRegistrationTest.verifyAccountRegistration()[pri:0, instance:testCases.TC001_AccountRegistrationTest@1fb669c3]" name="verifyAccountRegistration" class="testCases.TC001_AccountRegistrationTest"/>
        <method signature="TC002_LoginVerification.loginVerification()[pri:0, instance:testCases.TC002_LoginVerification@479460a6]" name="loginVerification" class="testCases.TC002_LoginVerification"/>
        <method signature="TC003_LoginDDT.verify_loginDDT(java.lang.String,java.lang.String,java.lang.String)[pri:0, instance:testCases.TC003_LoginDDT@7164ca4c]" name="verify_loginDDT" class="testCases.TC003_LoginDDT"/>
      </group> <!-- Master -->
      <group name="Sanity">
        <method signature="TC001_AccountRegistrationTest.verifyAccountRegistration()[pri:0, instance:testCases.TC001_AccountRegistrationTest@1fb669c3]" name="verifyAccountRegistration" class="testCases.TC001_AccountRegistrationTest"/>
        <method signature="TC002_LoginVerification.loginVerification()[pri:0, instance:testCases.TC002_LoginVerification@479460a6]" name="loginVerification" class="testCases.TC002_LoginVerification"/>
      </group> <!-- Sanity -->
      <group name="Regression">
        <method signature="TC002_LoginVerification.loginVerification()[pri:0, instance:testCases.TC002_LoginVerification@479460a6]" name="loginVerification" class="testCases.TC002_LoginVerification"/>
        <method signature="TC003_LoginDDT.verify_loginDDT(java.lang.String,java.lang.String,java.lang.String)[pri:0, instance:testCases.TC003_LoginDDT@7164ca4c]" name="verify_loginDDT" class="testCases.TC003_LoginDDT"/>
      </group> <!-- Regression -->
      <group name="Regresssion">
        <method signature="TC001_AccountRegistrationTest.verifyAccountRegistration()[pri:0, instance:testCases.TC001_AccountRegistrationTest@1fb669c3]" name="verifyAccountRegistration" class="testCases.TC001_AccountRegistrationTest"/>
      </group> <!-- Regresssion -->
    </groups>
    <test started-at="2025-02-13T07:07:29 IST" name="Test" finished-at="2025-02-13T07:08:06 IST" duration-ms="37079">
      <class name="testCases.TC002_LoginVerification">
        <test-method is-config="true" signature="setup(java.lang.String,java.lang.String)[pri:0, instance:testCases.TC002_LoginVerification@479460a6]" started-at="2025-02-13T07:07:38 IST" name="setup" finished-at="2025-02-13T07:07:41 IST" duration-ms="2739" status="PASS">
          <params>
            <param index="0">
              <value>
                <![CDATA[window]]>
              </value>
            </param>
            <param index="1">
              <value>
                <![CDATA[chrome]]>
              </value>
            </param>
          </params>
          <reporter-output>
          </reporter-output>
        </test-method> <!-- setup -->
        <test-method signature="loginVerification()[pri:0, instance:testCases.TC002_LoginVerification@479460a6]" started-at="2025-02-13T07:07:41 IST" name="loginVerification" finished-at="2025-02-13T07:07:44 IST" duration-ms="3217" status="PASS">
          <reporter-output>
          </reporter-output>
        </test-method> <!-- loginVerification -->
        <test-method is-config="true" signature="tearDown()[pri:0, instance:testCases.TC002_LoginVerification@479460a6]" started-at="2025-02-13T07:07:44 IST" name="tearDown" finished-at="2025-02-13T07:07:44 IST" duration-ms="271" status="PASS">
          <reporter-output>
          </reporter-output>
        </test-method> <!-- tearDown -->
      </class> <!-- testCases.TC002_LoginVerification -->
      <class name="testCases.TC003_LoginDDT">
        <test-method is-config="true" signature="setup(java.lang.String,java.lang.String)[pri:0, instance:testCases.TC003_LoginDDT@7164ca4c]" started-at="2025-02-13T07:07:44 IST" name="setup" finished-at="2025-02-13T07:07:47 IST" duration-ms="2728" status="PASS">
          <params>
            <param index="0">
              <value>
                <![CDATA[window]]>
              </value>
            </param>
            <param index="1">
              <value>
                <![CDATA[chrome]]>
              </value>
            </param>
          </params>
          <reporter-output>
          </reporter-output>
        </test-method> <!-- setup -->
        <test-method signature="verify_loginDDT(java.lang.String,java.lang.String,java.lang.String)[pri:0, instance:testCases.TC003_LoginDDT@7164ca4c]" started-at="2025-02-13T07:07:50 IST" name="verify_loginDDT" data-provider="LoginData" finished-at="2025-02-13T07:07:54 IST" duration-ms="4438" status="PASS">
          <params>
            <param index="0">
              <value>
                <![CDATA[pavan@gmail.com]]>
              </value>
            </param>
            <param index="1">
              <value>
                <![CDATA[qwert567]]>
              </value>
            </param>
            <param index="2">
              <value>
                <![CDATA[Invalid]]>
              </value>
            </param>
          </params>
          <reporter-output>
          </reporter-output>
        </test-method> <!-- verify_loginDDT -->
        <test-method signature="verify_loginDDT(java.lang.String,java.lang.String,java.lang.String)[pri:0, instance:testCases.TC003_LoginDDT@7164ca4c]" started-at="2025-02-13T07:07:54 IST" name="verify_loginDDT" data-provider="LoginData" finished-at="2025-02-13T07:07:58 IST" duration-ms="3433" status="PASS">
          <params>
            <param index="0">
              <value>
                <![CDATA[rajeev@gmail.com]]>
              </value>
            </param>
            <param index="1">
              <value>
                <![CDATA[qbshd5682]]>
              </value>
            </param>
            <param index="2">
              <value>
                <![CDATA[Invalid]]>
              </value>
            </param>
          </params>
          <reporter-output>
          </reporter-output>
        </test-method> <!-- verify_loginDDT -->
        <test-method signature="verify_loginDDT(java.lang.String,java.lang.String,java.lang.String)[pri:0, instance:testCases.TC003_LoginDDT@7164ca4c]" started-at="2025-02-13T07:07:58 IST" name="verify_loginDDT" data-provider="LoginData" finished-at="2025-02-13T07:08:02 IST" duration-ms="4129" status="PASS">
          <params>
            <param index="0">
              <value>
                <![CDATA[nitish@gmail.com]]>
              </value>
            </param>
            <param index="1">
              <value>
                <![CDATA[jcjkjkbc5785]]>
              </value>
            </param>
            <param index="2">
              <value>
                <![CDATA[Invalid]]>
              </value>
            </param>
          </params>
          <reporter-output>
          </reporter-output>
        </test-method> <!-- verify_loginDDT -->
        <test-method signature="verify_loginDDT(java.lang.String,java.lang.String,java.lang.String)[pri:0, instance:testCases.TC003_LoginDDT@7164ca4c]" started-at="2025-02-13T07:08:02 IST" name="verify_loginDDT" data-provider="LoginData" finished-at="2025-02-13T07:08:05 IST" duration-ms="3043" status="PASS">
          <params>
            <param index="0">
              <value>
                <![CDATA[ravi@gmail.com]]>
              </value>
            </param>
            <param index="1">
              <value>
                <![CDATA[12345678]]>
              </value>
            </param>
            <param index="2">
              <value>
                <![CDATA[valid]]>
              </value>
            </param>
          </params>
          <reporter-output>
          </reporter-output>
        </test-method> <!-- verify_loginDDT -->
        <test-method is-config="true" signature="tearDown()[pri:0, instance:testCases.TC003_LoginDDT@7164ca4c]" started-at="2025-02-13T07:08:05 IST" name="tearDown" finished-at="2025-02-13T07:08:06 IST" duration-ms="862" status="PASS">
          <reporter-output>
          </reporter-output>
        </test-method> <!-- tearDown -->
      </class> <!-- testCases.TC003_LoginDDT -->
      <class name="testCases.TC001_AccountRegistrationTest">
        <test-method is-config="true" signature="setup(java.lang.String,java.lang.String)[pri:0, instance:testCases.TC001_AccountRegistrationTest@1fb669c3]" started-at="2025-02-13T07:07:29 IST" name="setup" finished-at="2025-02-13T07:07:32 IST" duration-ms="3404" status="PASS">
          <params>
            <param index="0">
              <value>
                <![CDATA[window]]>
              </value>
            </param>
            <param index="1">
              <value>
                <![CDATA[chrome]]>
              </value>
            </param>
          </params>
          <reporter-output>
          </reporter-output>
        </test-method> <!-- setup -->
        <test-method signature="verifyAccountRegistration()[pri:0, instance:testCases.TC001_AccountRegistrationTest@1fb669c3]" started-at="2025-02-13T07:07:32 IST" name="verifyAccountRegistration" finished-at="2025-02-13T07:07:38 IST" duration-ms="5417" status="PASS">
          <reporter-output>
          </reporter-output>
        </test-method> <!-- verifyAccountRegistration -->
        <test-method is-config="true" signature="tearDown()[pri:0, instance:testCases.TC001_AccountRegistrationTest@1fb669c3]" started-at="2025-02-13T07:07:38 IST" name="tearDown" finished-at="2025-02-13T07:07:38 IST" duration-ms="353" status="PASS">
          <reporter-output>
          </reporter-output>
        </test-method> <!-- tearDown -->
      </class> <!-- testCases.TC001_AccountRegistrationTest -->
    </test> <!-- Test -->
  </suite> <!-- Grouping Suite -->
</testng-results>
