<?xml version="1.0" encoding="UTF-8"?>
<testng-results ignored="0" total="1" passed="1" failed="0" skipped="0">
  <reporter-output>
  </reporter-output>
  <suite started-at="2025-02-10T13:33:17 IST" name="Grouping Suite" finished-at="2025-02-10T13:33:34 IST" duration-ms="17140">
    <groups>
      <group name="Master">
        <method signature="TC002_LoginVerification.loginVerification()[pri:0, instance:testCases.TC002_LoginVerification@4ed5eb72]" name="loginVerification" class="testCases.TC002_LoginVerification"/>
      </group> <!-- Master -->
      <group name="Sanity">
        <method signature="TC002_LoginVerification.loginVerification()[pri:0, instance:testCases.TC002_LoginVerification@4ed5eb72]" name="loginVerification" class="testCases.TC002_LoginVerification"/>
      </group> <!-- Sanity -->
      <group name="Regression">
        <method signature="TC002_LoginVerification.loginVerification()[pri:0, instance:testCases.TC002_LoginVerification@4ed5eb72]" name="loginVerification" class="testCases.TC002_LoginVerification"/>
      </group> <!-- Regression -->
    </groups>
    <test started-at="2025-02-10T13:33:17 IST" name="Test" finished-at="2025-02-10T13:33:34 IST" duration-ms="17140">
      <class name="testCases.TC002_LoginVerification">
        <test-method is-config="true" signature="setup(java.lang.String,java.lang.String)[pri:0, instance:testCases.TC002_LoginVerification@4ed5eb72]" started-at="2025-02-10T13:33:18 IST" name="setup" finished-at="2025-02-10T13:33:31 IST" duration-ms="13724" status="PASS">
          <params>
            <param index="0">
              <value>
                <![CDATA[window]]>
              </value>
            </param>
            <param index="1">
              <value>
                <![CDATA[chrome]]>
              </value>
            </param>
          </params>
          <reporter-output>
          </reporter-output>
        </test-method> <!-- setup -->
        <test-method signature="loginVerification()[pri:0, instance:testCases.TC002_LoginVerification@4ed5eb72]" started-at="2025-02-10T13:33:31 IST" name="loginVerification" finished-at="2025-02-10T13:33:34 IST" duration-ms="2420" status="PASS">
          <reporter-output>
          </reporter-output>
        </test-method> <!-- loginVerification -->
        <test-method is-config="true" signature="tearDown()[pri:0, instance:testCases.TC002_LoginVerification@4ed5eb72]" started-at="2025-02-10T13:33:34 IST" name="tearDown" finished-at="2025-02-10T13:33:34 IST" duration-ms="575" status="PASS">
          <reporter-output>
          </reporter-output>
        </test-method> <!-- tearDown -->
      </class> <!-- testCases.TC002_LoginVerification -->
    </test> <!-- Test -->
  </suite> <!-- Grouping Suite -->
</testng-results>
