<?xml version="1.0" encoding="UTF-8"?>
<testng-results ignored="0" total="6" passed="6" failed="0" skipped="0">
  <reporter-output>
  </reporter-output>
  <suite started-at="2025-02-13T07:02:30 IST" name="Grouping Suite" finished-at="2025-02-13T07:03:08 IST" duration-ms="38273">
    <groups>
      <group name="Master">
        <method signature="TC001_AccountRegistrationTest.verifyAccountRegistration()[pri:0, instance:testCases.TC001_AccountRegistrationTest@1f010bf0]" name="verifyAccountRegistration" class="testCases.TC001_AccountRegistrationTest"/>
        <method signature="TC002_LoginVerification.loginVerification()[pri:0, instance:testCases.TC002_LoginVerification@7f132176]" name="loginVerification" class="testCases.TC002_LoginVerification"/>
        <method signature="TC003_LoginDDT.verify_loginDDT(java.lang.String,java.lang.String,java.lang.String)[pri:0, instance:testCases.TC003_LoginDDT@6bca7e0d]" name="verify_loginDDT" class="testCases.TC003_LoginDDT"/>
      </group> <!-- Master -->
      <group name="Sanity">
        <method signature="TC001_AccountRegistrationTest.verifyAccountRegistration()[pri:0, instance:testCases.TC001_AccountRegistrationTest@1f010bf0]" name="verifyAccountRegistration" class="testCases.TC001_AccountRegistrationTest"/>
        <method signature="TC002_LoginVerification.loginVerification()[pri:0, instance:testCases.TC002_LoginVerification@7f132176]" name="loginVerification" class="testCases.TC002_LoginVerification"/>
      </group> <!-- Sanity -->
      <group name="Regression">
        <method signature="TC002_LoginVerification.loginVerification()[pri:0, instance:testCases.TC002_LoginVerification@7f132176]" name="loginVerification" class="testCases.TC002_LoginVerification"/>
        <method signature="TC003_LoginDDT.verify_loginDDT(java.lang.String,java.lang.String,java.lang.String)[pri:0, instance:testCases.TC003_LoginDDT@6bca7e0d]" name="verify_loginDDT" class="testCases.TC003_LoginDDT"/>
      </group> <!-- Regression -->
      <group name="Regresssion">
        <method signature="TC001_AccountRegistrationTest.verifyAccountRegistration()[pri:0, instance:testCases.TC001_AccountRegistrationTest@1f010bf0]" name="verifyAccountRegistration" class="testCases.TC001_AccountRegistrationTest"/>
      </group> <!-- Regresssion -->
    </groups>
    <test started-at="2025-02-13T07:02:30 IST" name="Test" finished-at="2025-02-13T07:03:08 IST" duration-ms="38273">
      <class name="testCases.TC002_LoginVerification">
        <test-method is-config="true" signature="setup(java.lang.String,java.lang.String)[pri:0, instance:testCases.TC002_LoginVerification@7f132176]" started-at="2025-02-13T07:02:40 IST" name="setup" finished-at="2025-02-13T07:02:42 IST" duration-ms="2301" status="PASS">
          <params>
            <param index="0">
              <value>
                <![CDATA[window]]>
              </value>
            </param>
            <param index="1">
              <value>
                <![CDATA[chrome]]>
              </value>
            </param>
          </params>
          <reporter-output>
          </reporter-output>
        </test-method> <!-- setup -->
        <test-method signature="loginVerification()[pri:0, instance:testCases.TC002_LoginVerification@7f132176]" started-at="2025-02-13T07:02:42 IST" name="loginVerification" finished-at="2025-02-13T07:02:46 IST" duration-ms="3350" status="PASS">
          <reporter-output>
          </reporter-output>
        </test-method> <!-- loginVerification -->
        <test-method is-config="true" signature="tearDown()[pri:0, instance:testCases.TC002_LoginVerification@7f132176]" started-at="2025-02-13T07:02:46 IST" name="tearDown" finished-at="2025-02-13T07:02:46 IST" duration-ms="276" status="PASS">
          <reporter-output>
          </reporter-output>
        </test-method> <!-- tearDown -->
      </class> <!-- testCases.TC002_LoginVerification -->
      <class name="testCases.TC003_LoginDDT">
        <test-method is-config="true" signature="setup(java.lang.String,java.lang.String)[pri:0, instance:testCases.TC003_LoginDDT@6bca7e0d]" started-at="2025-02-13T07:02:46 IST" name="setup" finished-at="2025-02-13T07:02:48 IST" duration-ms="2372" status="PASS">
          <params>
            <param index="0">
              <value>
                <![CDATA[window]]>
              </value>
            </param>
            <param index="1">
              <value>
                <![CDATA[chrome]]>
              </value>
            </param>
          </params>
          <reporter-output>
          </reporter-output>
        </test-method> <!-- setup -->
        <test-method signature="verify_loginDDT(java.lang.String,java.lang.String,java.lang.String)[pri:0, instance:testCases.TC003_LoginDDT@6bca7e0d]" started-at="2025-02-13T07:02:51 IST" name="verify_loginDDT" data-provider="LoginData" finished-at="2025-02-13T07:02:56 IST" duration-ms="5208" status="PASS">
          <params>
            <param index="0">
              <value>
                <![CDATA[pavan@gmail.com]]>
              </value>
            </param>
            <param index="1">
              <value>
                <![CDATA[qwert567]]>
              </value>
            </param>
            <param index="2">
              <value>
                <![CDATA[Invalid]]>
              </value>
            </param>
          </params>
          <reporter-output>
          </reporter-output>
        </test-method> <!-- verify_loginDDT -->
        <test-method signature="verify_loginDDT(java.lang.String,java.lang.String,java.lang.String)[pri:0, instance:testCases.TC003_LoginDDT@6bca7e0d]" started-at="2025-02-13T07:02:56 IST" name="verify_loginDDT" data-provider="LoginData" finished-at="2025-02-13T07:02:59 IST" duration-ms="3374" status="PASS">
          <params>
            <param index="0">
              <value>
                <![CDATA[rajeev@gmail.com]]>
              </value>
            </param>
            <param index="1">
              <value>
                <![CDATA[qbshd5682]]>
              </value>
            </param>
            <param index="2">
              <value>
                <![CDATA[Invalid]]>
              </value>
            </param>
          </params>
          <reporter-output>
          </reporter-output>
        </test-method> <!-- verify_loginDDT -->
        <test-method signature="verify_loginDDT(java.lang.String,java.lang.String,java.lang.String)[pri:0, instance:testCases.TC003_LoginDDT@6bca7e0d]" started-at="2025-02-13T07:02:59 IST" name="verify_loginDDT" data-provider="LoginData" finished-at="2025-02-13T07:03:04 IST" duration-ms="4649" status="PASS">
          <params>
            <param index="0">
              <value>
                <![CDATA[nitish@gmail.com]]>
              </value>
            </param>
            <param index="1">
              <value>
                <![CDATA[jcjkjkbc5785]]>
              </value>
            </param>
            <param index="2">
              <value>
                <![CDATA[Invalid]]>
              </value>
            </param>
          </params>
          <reporter-output>
          </reporter-output>
        </test-method> <!-- verify_loginDDT -->
        <test-method signature="verify_loginDDT(java.lang.String,java.lang.String,java.lang.String)[pri:0, instance:testCases.TC003_LoginDDT@6bca7e0d]" started-at="2025-02-13T07:03:04 IST" name="verify_loginDDT" data-provider="LoginData" finished-at="2025-02-13T07:03:07 IST" duration-ms="2954" status="PASS">
          <params>
            <param index="0">
              <value>
                <![CDATA[ravi@gmail.com]]>
              </value>
            </param>
            <param index="1">
              <value>
                <![CDATA[12345678]]>
              </value>
            </param>
            <param index="2">
              <value>
                <![CDATA[valid]]>
              </value>
            </param>
          </params>
          <reporter-output>
          </reporter-output>
        </test-method> <!-- verify_loginDDT -->
        <test-method is-config="true" signature="tearDown()[pri:0, instance:testCases.TC003_LoginDDT@6bca7e0d]" started-at="2025-02-13T07:03:07 IST" name="tearDown" finished-at="2025-02-13T07:03:08 IST" duration-ms="1077" status="PASS">
          <reporter-output>
          </reporter-output>
        </test-method> <!-- tearDown -->
      </class> <!-- testCases.TC003_LoginDDT -->
      <class name="testCases.TC001_AccountRegistrationTest">
        <test-method is-config="true" signature="setup(java.lang.String,java.lang.String)[pri:0, instance:testCases.TC001_AccountRegistrationTest@1f010bf0]" started-at="2025-02-13T07:02:30 IST" name="setup" finished-at="2025-02-13T07:02:35 IST" duration-ms="4604" status="PASS">
          <params>
            <param index="0">
              <value>
                <![CDATA[window]]>
              </value>
            </param>
            <param index="1">
              <value>
                <![CDATA[chrome]]>
              </value>
            </param>
          </params>
          <reporter-output>
          </reporter-output>
        </test-method> <!-- setup -->
        <test-method signature="verifyAccountRegistration()[pri:0, instance:testCases.TC001_AccountRegistrationTest@1f010bf0]" started-at="2025-02-13T07:02:35 IST" name="verifyAccountRegistration" finished-at="2025-02-13T07:02:40 IST" duration-ms="4969" status="PASS">
          <reporter-output>
          </reporter-output>
        </test-method> <!-- verifyAccountRegistration -->
        <test-method is-config="true" signature="tearDown()[pri:0, instance:testCases.TC001_AccountRegistrationTest@1f010bf0]" started-at="2025-02-13T07:02:40 IST" name="tearDown" finished-at="2025-02-13T07:02:40 IST" duration-ms="280" status="PASS">
          <reporter-output>
          </reporter-output>
        </test-method> <!-- tearDown -->
      </class> <!-- testCases.TC001_AccountRegistrationTest -->
    </test> <!-- Test -->
  </suite> <!-- Grouping Suite -->
</testng-results>
