<?xml version="1.0" encoding="UTF-8"?>
<!-- Generated by org.testng.reporters.JUnitXMLReporter -->
<testsuite ignored="0" hostname="Ravi-Ranjan-PC" failures="0" tests="6" name="Test" time="37.079" errors="0" timestamp="2025-02-13T07:08:07 IST">
  <testcase classname="testCases.TC001_AccountRegistrationTest" name="verifyAccountRegistration" time="5.417"/>
  <testcase classname="testCases.TC002_LoginVerification" name="loginVerification" time="3.217"/>
  <testcase classname="testCases.TC003_LoginDDT" name="verify_loginDDT" time="4.438"/>
  <testcase classname="testCases.TC003_LoginDDT" name="verify_loginDDT" time="3.433"/>
  <testcase classname="testCases.TC003_LoginDDT" name="verify_loginDDT" time="4.129"/>
  <testcase classname="testCases.TC003_LoginDDT" name="verify_loginDDT" time="3.043"/>
</testsuite> <!-- Test -->
